<?xml version="1.0" encoding="UTF-8"?>
<!-- Generated by org.testng.reporters.JUnitReportReporter -->
<testsuite hostname="prachi" failures="0" tests="1" name="cars.FerrariTest" time="6.826" errors="0" timestamp="2024-05-24T08:51:21 IST" skipped="0">
  <testcase classname="cars.FerrariTest" name="launch" time="6.826"/>
  <system-out>
    <![CDATA[Ferrai launched successful]]>
  </system-out>
</testsuite> <!-- cars.FerrariTest -->
