<?xml version="1.0" encoding="UTF-8"?>
<!-- Generated by org.testng.reporters.JUnitReportReporter -->
<testsuite hostname="prachi" failures="0" tests="1" name="cars.FordTest" time="5.737" errors="0" timestamp="2024-05-24T08:51:21 IST" skipped="0">
  <testcase classname="cars.FordTest" name="launch" time="5.737"/>
  <system-out>
    <![CDATA[Ford launched successful]]>
  </system-out>
</testsuite> <!-- cars.FordTest -->
